Simulation started at: 0
Drone: Local initialization
Drone 1 initialized in INITSTAGE_LOCAL state with position (0, 0, 0).
Drone 1 starting with: 1.5 - total mass, 0.6 motor efficiency
Drone 1 power consumption for hovering: 24.525
Drone droneControl received POWER_ON command at t=2
Drone 1 initial coordinates updated: x=1, y=1, z=93
Drone is powering on and waiting for TAKEOFF sequence.
Battery check event at 12 sec.
Drone 1 remaining power: 7995.29 mAh, 99.9411%
TAKEOFF signal received. Drone is passing to DRONE_IN_AIR state.
Drone 1 destination coordinates updated: x=1, y=1, z=193
Drone 1 remaining power after move: 7994.36 mAh, 99.9295%
Battery check event at 22 sec.
Drone 1 remaining power: 7989.65 mAh, 99.8707%
Battery check event at 32 sec.
Drone 1 remaining power: 7984.94 mAh, 99.8118%
Battery check event at 42 sec.
Drone 1 remaining power: 7980.23 mAh, 99.7529%
Battery check event at 52 sec.
Drone 1 remaining power: 7975.53 mAh, 99.6941%
Battery check event at 62 sec.
Drone 1 remaining power: 7970.82 mAh, 99.6352%
Battery check event at 72 sec.
Drone 1 remaining power: 7966.11 mAh, 99.5763%
Battery check event at 82 sec.
Drone 1 remaining power: 7961.4 mAh, 99.5175%
Battery check event at 92 sec.
Drone 1 remaining power: 7956.69 mAh, 99.4586%
